<?xml version="1.0" encoding="UTF-8"?>
<!-- Generated by org.testng.reporters.JUnitReportReporter -->
<testsuite hostname="LAPTOP-D3QFC5U0" failures="0" tests="1" name="cucumberOptions.TestNGTestRunner" time="24.793" errors="0" timestamp="2022-03-10T03:36:29 GMT" skipped="0">
  <testcase classname="cucumberOptions.TestNGTestRunner" name="runScenario" time="24.793"/>
  <system-out/>
</testsuite> <!-- cucumberOptions.TestNGTestRunner -->
